INFO:sim:172 - Generating IP...
Resolving generics for 'highscoreip'...
Applying external generics to 'highscoreip'...
Delivering associated files for 'highscoreip'...
Delivering EJava files for 'highscoreip'...
Generating implementation netlist for 'highscoreip'...
INFO:sim - Pre-processing HDL files for 'highscoreip'...
Running synthesis for 'highscoreip'
Running ngcbuild...
Writing VEO instantiation template for 'highscoreip'...
Writing Verilog behavioral simulation model for 'highscoreip'...
WARNING:sim - Overwriting existing file
   C:/Users/zjuwyd/Desktop/SHULUO/slp2/slp/ipcore_dir/tmp/_cg/highscoreip/doc/bl
   k_mem_gen_v7_3_vinfo.html with file from view xilinx_documentation
Delivered 1 file into directory
C:/Users/zjuwyd/Desktop/SHULUO/slp2/slp/ipcore_dir/tmp/_cg/highscoreip
Generating ASY schematic symbol...
INFO:sim:949 - Finished generation of ASY schematic symbol.
Generating SYM schematic symbol for 'highscoreip'...
Generating metadata file...
Generating ISE project file for 'highscoreip'...
Generating ISE project...
XCO file found: highscoreip.xco
XMDF file found: highscoreip_xmdf.tcl
Adding
C:/Users/zjuwyd/Desktop/SHULUO/slp2/slp/ipcore_dir/tmp/_cg/highscoreip.asy -view
all -origin_type imported
Adding
C:/Users/zjuwyd/Desktop/SHULUO/slp2/slp/ipcore_dir/tmp/_cg/highscoreip.ngc -view
all -origin_type created
Checking file
"C:/Users/zjuwyd/Desktop/SHULUO/slp2/slp/ipcore_dir/tmp/_cg/highscoreip.ngc" for
project device match ...
File
"C:/Users/zjuwyd/Desktop/SHULUO/slp2/slp/ipcore_dir/tmp/_cg/highscoreip.ngc"
device information matches project device.
Adding
C:/Users/zjuwyd/Desktop/SHULUO/slp2/slp/ipcore_dir/tmp/_cg/highscoreip.sym -view
all -origin_type imported
Adding C:/Users/zjuwyd/Desktop/SHULUO/slp2/slp/ipcore_dir/tmp/_cg/highscoreip.v
-view all -origin_type created
INFO:HDLCompiler:1845 - Analyzing Verilog file
   "C:/Users/zjuwyd/Desktop/SHULUO/slp2/slp/ipcore_dir/tmp/_cg/highscoreip.v"
   into library work
INFO:ProjectMgmt - Parsing design hierarchy completed successfully.
Adding
C:/Users/zjuwyd/Desktop/SHULUO/slp2/slp/ipcore_dir/tmp/_cg/highscoreip.veo -view
all -origin_type imported
INFO:TclTasksC:2116 - The automatic calculation of top has been turned-off.
   Please set the new top explicitly by running the "project set top" command.
   To re-calculate the new top automatically, set the "Auto Implementation Top"
   property to true.
Top level has been set to "/highscoreip"
Generating README file...
Generating FLIST file...
INFO:sim:948 - Finished FLIST file generation.
Launching README viewer...
Moving files to output directory...
Finished moving files to output directory
Wrote CGP file for project 'highscoreip'.
